<?xml version="1.0" encoding="UTF-8"?>
<testng-results ignored="0" total="1" passed="1" failed="0" skipped="0">
  <reporter-output>
  </reporter-output>
  <suite started-at="2024-11-07T12:00:27 IST" name="Default suite" finished-at="2024-11-07T12:00:39 IST" duration-ms="12202">
    <groups>
    </groups>
    <test started-at="2024-11-07T12:00:27 IST" name="Default test" finished-at="2024-11-07T12:00:39 IST" duration-ms="12202">
      <class name="TestCases.Login">
        <test-method signature="SignIn()[pri:0, instance:TestCases.Login@66f57048]" started-at="2024-11-07T12:00:27 IST" name="SignIn" finished-at="2024-11-07T12:00:39 IST" duration-ms="12142" status="PASS">
          <reporter-output>
          </reporter-output>
        </test-method> <!-- SignIn -->
      </class> <!-- TestCases.Login -->
    </test> <!-- Default test -->
  </suite> <!-- Default suite -->
</testng-results>
